Using pre-set license
Built from '2020.3/staging' branch; Version is '2020.3.4f1 (0abb6314276a) revision 703331'; Using compiler version '192528614'; Build Type 'Release'
OS: 'Windows 10 Pro; OS build 19042.1237; Version 2009; 64bit' Language: 'pt' Physical Memory: 8140 MB
BatchMode: 1, IsHumanControllingUs: 0, StartBugReporterOnCrash: 0, Is64bit: 1, IsPro: 0

 COMMAND LINE ARGUMENTS:
C:\Program Files\Unity\Hub\Editor\2020.3.4f1\Editor\Unity.exe
-adb2
-batchMode
-noUpm
-name
AssetImportWorker0
-projectPath
C:/Users/T-Gamer/Documents/GitHub/Programming-Theory-Repo/Programming Theory Project
-logFile
Logs/AssetImportWorker0.log
-srvPort
63203
Successfully changed project path to: C:/Users/T-Gamer/Documents/GitHub/Programming-Theory-Repo/Programming Theory Project
C:/Users/T-Gamer/Documents/GitHub/Programming-Theory-Repo/Programming Theory Project
Using Asset Import Pipeline V2.
Refreshing native plugins compatible for Editor in 66.40 ms, found 0 plugins.
Preloading 0 native plugins for Editor in 0.00 ms.
Initialize engine version: 2020.3.4f1 (0abb6314276a)
[Subsystems] Discovering subsystems at path C:/Program Files/Unity/Hub/Editor/2020.3.4f1/Editor/Data/Resources/UnitySubsystems
[Subsystems] Discovering subsystems at path C:/Users/T-Gamer/Documents/GitHub/Programming-Theory-Repo/Programming Theory Project/Assets
GfxDevice: creating device client; threaded=0
Direct3D:
    Version:  Direct3D 11.0 [level 11.1]
    Renderer: NVIDIA GeForce RTX 2060 (ID=0x1f08)
    Vendor:   
    VRAM:     5980 MB
    Driver:   27.21.14.5671
Initialize mono
Mono path[0] = 'C:/Program Files/Unity/Hub/Editor/2020.3.4f1/Editor/Data/Managed'
Mono path[1] = 'C:/Program Files/Unity/Hub/Editor/2020.3.4f1/Editor/Data/MonoBleedingEdge/lib/mono/unityjit'
Mono config path = 'C:/Program Files/Unity/Hub/Editor/2020.3.4f1/Editor/Data/MonoBleedingEdge/etc'
Using monoOptions --debugger-agent=transport=dt_socket,embedding=1,server=y,suspend=n,address=127.0.0.1:56548
Begin MonoManager ReloadAssembly
Registering precompiled unity dll's ...
Register platform support module: C:/Program Files/Unity/Hub/Editor/2020.3.4f1/Editor/Data/PlaybackEngines/WebGLSupport/UnityEditor.WebGL.Extensions.dll
Register platform support module: C:/Program Files/Unity/Hub/Editor/2020.3.4f1/Editor/Data/PlaybackEngines/WindowsStandaloneSupport/UnityEditor.WindowsStandalone.Extensions.dll
Registered in 0.003580 seconds.
Native extension for WindowsStandalone target not found
Native extension for WebGL target not found
Refreshing native plugins compatible for Editor in 28.08 ms, found 0 plugins.
Preloading 0 native plugins for Editor in 0.00 ms.
Mono: successfully reloaded assembly
- Completed reload, in  1.522 seconds
Platform modules already initialized, skipping
Registering precompiled user dll's ...
Registered in 0.000926 seconds.
Begin MonoManager ReloadAssembly
Native extension for WindowsStandalone target not found
Native extension for WebGL target not found
Refreshing native plugins compatible for Editor in 0.24 ms, found 0 plugins.
Preloading 0 native plugins for Editor in 0.00 ms.
Mono: successfully reloaded assembly
- Completed reload, in  1.027 seconds
Platform modules already initialized, skipping
========================================================================
Worker process is ready to serve import requests
Launched and connected shader compiler UnityShaderCompiler.exe after 0.15 seconds
Refreshing native plugins compatible for Editor in 0.24 ms, found 0 plugins.
Preloading 0 native plugins for Editor in 0.00 ms.
Unloading 1115 Unused Serialized files (Serialized files now loaded: 0)
System memory in use before: 57.5 MB.
System memory in use after: 57.5 MB.

Unloading 10 unused Assets to reduce memory usage. Loaded Objects now: 1558.
Total: 2.536600 ms (FindLiveObjects: 0.199500 ms CreateObjectMapping: 0.035300 ms MarkObjects: 2.211100 ms  DeleteObjects: 0.089300 ms)

========================================================================
Received Import Request.
  path: Assets
  artifactKey: Guid(00000000000000001000000000000000) Importer(815301076,1909f56bfc062723c751e8b465ee728b)
Start importing Assets using Guid(00000000000000001000000000000000) Importer(815301076,1909f56bfc062723c751e8b465ee728b)  -> (artifact id: '025e4f587c23674256bb898581e82961') in 0.189267 seconds
  Import took 0.219793 seconds .

========================================================================
Received Import Request.
  Time since last request: 2.602892 seconds.
  path: Assets/Scripts
  artifactKey: Guid(945716cb43c92804b8674e118ccc5820) Importer(815301076,1909f56bfc062723c751e8b465ee728b)
Start importing Assets/Scripts using Guid(945716cb43c92804b8674e118ccc5820) Importer(815301076,1909f56bfc062723c751e8b465ee728b)  -> (artifact id: 'd1e341b9d3359e43a64d6127a9e3cb3e') in 0.009003 seconds
  Import took 0.025312 seconds .

========================================================================
Received Import Request.
  Time since last request: 151.542167 seconds.
  path: Assets/Sprites
  artifactKey: Guid(58967f2dda078c04ab7e0b3e3e988699) Importer(815301076,1909f56bfc062723c751e8b465ee728b)
Start importing Assets/Sprites using Guid(58967f2dda078c04ab7e0b3e3e988699) Importer(815301076,1909f56bfc062723c751e8b465ee728b)  -> (artifact id: 'b7eb6c7183b3caf87303b14fc55b6d86') in 0.008049 seconds
  Import took 0.011184 seconds .

========================================================================
Received Import Request.
  Time since last request: 11.940896 seconds.
  path: Assets/New Folder
  artifactKey: Guid(d644beca3ae97db4a94b812b70349e37) Importer(815301076,1909f56bfc062723c751e8b465ee728b)
Start importing Assets/New Folder using Guid(d644beca3ae97db4a94b812b70349e37) Importer(815301076,1909f56bfc062723c751e8b465ee728b)  -> (artifact id: 'b412b5b5e37de4994bac25b1cda81885') in 0.009352 seconds
  Import took 0.012132 seconds .

========================================================================
Received Import Request.
  Time since last request: 32.579875 seconds.
  path: Assets/Character
  artifactKey: Guid(19301ccc3d434884996096e551d9847b) Importer(815301076,1909f56bfc062723c751e8b465ee728b)
Start importing Assets/Character using Guid(19301ccc3d434884996096e551d9847b) Importer(815301076,1909f56bfc062723c751e8b465ee728b)  -> (artifact id: 'f968007f58de55befc43c4224e16debe') in 0.007981 seconds
  Import took 0.010320 seconds .

========================================================================
Received Import Request.
  Time since last request: 39.796516 seconds.
  path: Assets/Character/Player
  artifactKey: Guid(d34297f1e5ca4e74ea356f5b1911ac01) Importer(815301076,1909f56bfc062723c751e8b465ee728b)
Start importing Assets/Character/Player using Guid(d34297f1e5ca4e74ea356f5b1911ac01) Importer(815301076,1909f56bfc062723c751e8b465ee728b)  -> (artifact id: 'f1150b1fcc5358d5ddc1f2e06ab69d7e') in 0.009038 seconds
  Import took 0.023632 seconds .

========================================================================
Received Import Request.
  Time since last request: 9.672363 seconds.
  path: Assets/Character/Vampire
  artifactKey: Guid(fa8473c2d9206ca4cae0fa1665b14d74) Importer(815301076,1909f56bfc062723c751e8b465ee728b)
Start importing Assets/Character/Vampire using Guid(fa8473c2d9206ca4cae0fa1665b14d74) Importer(815301076,1909f56bfc062723c751e8b465ee728b)  -> (artifact id: '6d8ee546ca1dad22a5f6e41149c46a10') in 0.007968 seconds
  Import took 0.010426 seconds .

========================================================================
Received Import Request.
  Time since last request: 0.001384 seconds.
  path: Assets/Character/Vampire
  artifactKey: Guid(fa8473c2d9206ca4cae0fa1665b14d74) Importer(815301076,1909f56bfc062723c751e8b465ee728b)
Start importing Assets/Character/Vampire using Guid(fa8473c2d9206ca4cae0fa1665b14d74) Importer(815301076,1909f56bfc062723c751e8b465ee728b)  -> (artifact id: '6d8ee546ca1dad22a5f6e41149c46a10') in 0.003325 seconds
  Import took 0.005469 seconds .

========================================================================
Received Import Request.
  Time since last request: 11.005831 seconds.
  path: Assets/Character/New Folder
  artifactKey: Guid(bace4b81aa913b847abacfca86a651b0) Importer(815301076,1909f56bfc062723c751e8b465ee728b)
Start importing Assets/Character/New Folder using Guid(bace4b81aa913b847abacfca86a651b0) Importer(815301076,1909f56bfc062723c751e8b465ee728b)  -> (artifact id: 'd985650755cdd75a4543e5b4d32881c7') in 0.004590 seconds
  Import took 0.042147 seconds .

========================================================================
Received Import Request.
  Time since last request: 28.003804 seconds.
  path: Assets/Character/Necroma
  artifactKey: Guid(0c61cd30455b41d41aac4dba5202797c) Importer(815301076,1909f56bfc062723c751e8b465ee728b)
Start importing Assets/Character/Necroma using Guid(0c61cd30455b41d41aac4dba5202797c) Importer(815301076,1909f56bfc062723c751e8b465ee728b)  -> (artifact id: 'cb66d4d12ca5f229db54880447c3dc0b') in 0.010174 seconds
  Import took 0.048399 seconds .

========================================================================
Received Import Request.
  Time since last request: 10.004325 seconds.
  path: Assets/Character/necromancer
  artifactKey: Guid(0c61cd30455b41d41aac4dba5202797c) Importer(815301076,1909f56bfc062723c751e8b465ee728b)
Start importing Assets/Character/necromancer using Guid(0c61cd30455b41d41aac4dba5202797c) Importer(815301076,1909f56bfc062723c751e8b465ee728b)  -> (artifact id: 'f2313c06adf00b72b3ce0c586610fe8c') in 0.013723 seconds
  Import took 0.016053 seconds .

========================================================================
Received Import Request.
  Time since last request: 6.536676 seconds.
  path: Assets/Character/Necromancer
  artifactKey: Guid(0c61cd30455b41d41aac4dba5202797c) Importer(815301076,1909f56bfc062723c751e8b465ee728b)
Start importing Assets/Character/Necromancer using Guid(0c61cd30455b41d41aac4dba5202797c) Importer(815301076,1909f56bfc062723c751e8b465ee728b)  -> (artifact id: 'e8d3d50920ac90c79dbc9706ae3509cc') in 0.008936 seconds
  Import took 0.024630 seconds .

========================================================================
Received Import Request.
  Time since last request: 28.365803 seconds.
  path: Assets/Character/Straw Man
  artifactKey: Guid(8fd455ec9ba0abd4dbe1d3fdd3a12e8f) Importer(815301076,1909f56bfc062723c751e8b465ee728b)
Start importing Assets/Character/Straw Man using Guid(8fd455ec9ba0abd4dbe1d3fdd3a12e8f) Importer(815301076,1909f56bfc062723c751e8b465ee728b)  -> (artifact id: 'c5191a0ee534fbbe493f341192e2d0de') in 0.007790 seconds
  Import took 0.020288 seconds .

========================================================================
Received Import Request.
  Time since last request: 36.795203 seconds.
  path: Assets/Scenes/Game
  artifactKey: Guid(d9305fa246f712542a549ea5c512819d) Importer(815301076,1909f56bfc062723c751e8b465ee728b)
Start importing Assets/Scenes/Game using Guid(d9305fa246f712542a549ea5c512819d) Importer(815301076,1909f56bfc062723c751e8b465ee728b)  -> (artifact id: 'adff888403e2aa3e9908821181ce6c47') in 0.008429 seconds
  Import took 0.024056 seconds .

========================================================================
Received Import Request.
  Time since last request: 9.931958 seconds.
  path: Assets/Scenes/Game/Game.unity
  artifactKey: Guid(19717576da5a78f46a753cfe7a4eb70b) Importer(815301076,1909f56bfc062723c751e8b465ee728b)
Start importing Assets/Scenes/Game/Game.unity using Guid(19717576da5a78f46a753cfe7a4eb70b) Importer(815301076,1909f56bfc062723c751e8b465ee728b)  -> (artifact id: '4fe33765c0d15444b4109313d25ccb64') in 0.051860 seconds
  Import took 0.074985 seconds .

========================================================================
Received Import Request.
  Time since last request: 101.992459 seconds.
  path: Assets/Scenes/Game/Material
  artifactKey: Guid(852db635f4578fa40b37cd1e8f05b1d7) Importer(815301076,1909f56bfc062723c751e8b465ee728b)
Start importing Assets/Scenes/Game/Material using Guid(852db635f4578fa40b37cd1e8f05b1d7) Importer(815301076,1909f56bfc062723c751e8b465ee728b)  -> (artifact id: '61292c06cb9d30ad1b0b1c53caf86832') in 0.009060 seconds
  Import took 0.028893 seconds .

========================================================================
Received Import Request.
  Time since last request: 13.886866 seconds.
  path: Assets/Scenes/Game/Material/ground.mat
  artifactKey: Guid(4263c799373fca944b9e60de3f32bc20) Importer(815301076,1909f56bfc062723c751e8b465ee728b)
Start importing Assets/Scenes/Game/Material/ground.mat using Guid(4263c799373fca944b9e60de3f32bc20) Importer(815301076,1909f56bfc062723c751e8b465ee728b)  -> (artifact id: 'cac3df1546f4dcaac80254203c3cd980') in 0.411725 seconds
  Import took 0.426798 seconds .

========================================================================
Received Import Request.
  Time since last request: 117.330893 seconds.
  path: Assets/Character/Player/Prefab
  artifactKey: Guid(a63c40f6aa69e6140a4d88bc348efe31) Importer(815301076,1909f56bfc062723c751e8b465ee728b)
Start importing Assets/Character/Player/Prefab using Guid(a63c40f6aa69e6140a4d88bc348efe31) Importer(815301076,1909f56bfc062723c751e8b465ee728b)  -> (artifact id: '465d11aa7fdaf10b28a3f0963dd97dce') in 0.020740 seconds
  Import took 0.038840 seconds .

========================================================================
Received Import Request.
  Time since last request: 15.280262 seconds.
  path: Assets/Character/Player/Prefabs
  artifactKey: Guid(a63c40f6aa69e6140a4d88bc348efe31) Importer(815301076,1909f56bfc062723c751e8b465ee728b)
Start importing Assets/Character/Player/Prefabs using Guid(a63c40f6aa69e6140a4d88bc348efe31) Importer(815301076,1909f56bfc062723c751e8b465ee728b)  -> (artifact id: '11b2740fd085409d9e1e3f47517166ba') in 0.009233 seconds
  Import took 0.011285 seconds .

========================================================================
Received Import Request.
  Time since last request: 2.860573 seconds.
  path: Assets/Character/Player/Prefabs/Player.prefab
  artifactKey: Guid(a7b623f016bd4c24dad2aa2c065bfbfc) Importer(815301076,1909f56bfc062723c751e8b465ee728b)
Start importing Assets/Character/Player/Prefabs/Player.prefab using Guid(a7b623f016bd4c24dad2aa2c065bfbfc) Importer(815301076,1909f56bfc062723c751e8b465ee728b)  -> (artifact id: '9401f7753f036561e43c8f5c8ee006e6') in 0.135778 seconds
  Import took 0.156147 seconds .

========================================================================
Received Import Request.
  Time since last request: 33.426372 seconds.
  path: Assets/Character/Player/Scripts
  artifactKey: Guid(c61c4e80def2f104895b5815d720ef65) Importer(815301076,1909f56bfc062723c751e8b465ee728b)
Start importing Assets/Character/Player/Scripts using Guid(c61c4e80def2f104895b5815d720ef65) Importer(815301076,1909f56bfc062723c751e8b465ee728b)  -> (artifact id: '88c324955d07ea4518570030b0193d3f') in 0.003274 seconds
  Import took 0.015424 seconds .

========================================================================
Received Import Request.
  Time since last request: 15.215838 seconds.
  path: Assets/Character/Player/Scripts/PlayerController.cs
  artifactKey: Guid(4024d527bbda8f14c9a0412eb69b1225) Importer(815301076,1909f56bfc062723c751e8b465ee728b)
Start importing Assets/Character/Player/Scripts/PlayerController.cs using Guid(4024d527bbda8f14c9a0412eb69b1225) Importer(815301076,1909f56bfc062723c751e8b465ee728b)  -> (artifact id: '39d338286c377eeeb3445f7feb213594') in 0.184376 seconds
  Import took 0.187084 seconds .

========================================================================
Received Prepare
Registering precompiled user dll's ...
Registered in 0.000821 seconds.
Begin MonoManager ReloadAssembly
Native extension for WindowsStandalone target not found
Native extension for WebGL target not found
Refreshing native plugins compatible for Editor in 0.22 ms, found 0 plugins.
Preloading 0 native plugins for Editor in 0.00 ms.
Mono: successfully reloaded assembly
- Completed reload, in  0.901 seconds
Platform modules already initialized, skipping
Refreshing native plugins compatible for Editor in 0.21 ms, found 0 plugins.
Preloading 0 native plugins for Editor in 0.00 ms.
Unloading 1111 Unused Serialized files (Serialized files now loaded: 0)
System memory in use before: 60.8 MB.
System memory in use after: 60.9 MB.

Unloading 6 unused Assets to reduce memory usage. Loaded Objects now: 1603.
Total: 1.979900 ms (FindLiveObjects: 0.262200 ms CreateObjectMapping: 0.035200 ms MarkObjects: 1.622200 ms  DeleteObjects: 0.057900 ms)

========================================================================
Received Import Request.
  Time since last request: 330.230954 seconds.
  path: ProjectSettings/TagManager.asset
  artifactKey: Guid(00000000000000003000000000000000) Importer(815301076,1909f56bfc062723c751e8b465ee728b)
Start importing ProjectSettings/TagManager.asset using Guid(00000000000000003000000000000000) Importer(815301076,1909f56bfc062723c751e8b465ee728b)  -> (artifact id: '5cdd425f01cf626211dd37e1af0dc49e') in 0.019779 seconds
  Import took 0.042087 seconds .

========================================================================
Received Import Request.
  Time since last request: 0.018475 seconds.
  path: ProjectSettings/TagManager.asset
  artifactKey: Guid(00000000000000003000000000000000) Importer(815301076,1909f56bfc062723c751e8b465ee728b)
Start importing ProjectSettings/TagManager.asset using Guid(00000000000000003000000000000000) Importer(815301076,1909f56bfc062723c751e8b465ee728b)  -> (artifact id: '5cdd425f01cf626211dd37e1af0dc49e') in 0.004545 seconds
  Import took 0.006847 seconds .

========================================================================
Received Prepare
Registering precompiled user dll's ...
Registered in 0.000904 seconds.
Begin MonoManager ReloadAssembly
Native extension for WindowsStandalone target not found
Native extension for WebGL target not found
Refreshing native plugins compatible for Editor in 0.30 ms, found 0 plugins.
Preloading 0 native plugins for Editor in 0.00 ms.
Mono: successfully reloaded assembly
- Completed reload, in  1.046 seconds
Platform modules already initialized, skipping
Refreshing native plugins compatible for Editor in 0.57 ms, found 0 plugins.
Preloading 0 native plugins for Editor in 0.00 ms.
Unloading 1111 Unused Serialized files (Serialized files now loaded: 0)
System memory in use before: 60.9 MB.
System memory in use after: 60.9 MB.

Unloading 7 unused Assets to reduce memory usage. Loaded Objects now: 1606.
Total: 2.288900 ms (FindLiveObjects: 0.241700 ms CreateObjectMapping: 0.034300 ms MarkObjects: 1.954700 ms  DeleteObjects: 0.056600 ms)

========================================================================
Received Prepare
Registering precompiled user dll's ...
Registered in 0.000914 seconds.
Begin MonoManager ReloadAssembly
Native extension for WindowsStandalone target not found
Native extension for WebGL target not found
Refreshing native plugins compatible for Editor in 0.22 ms, found 0 plugins.
Preloading 0 native plugins for Editor in 0.00 ms.
Mono: successfully reloaded assembly
- Completed reload, in  0.915 seconds
Platform modules already initialized, skipping
Refreshing native plugins compatible for Editor in 0.21 ms, found 0 plugins.
Preloading 0 native plugins for Editor in 0.00 ms.
Unloading 1111 Unused Serialized files (Serialized files now loaded: 0)
System memory in use before: 60.9 MB.
System memory in use after: 61.0 MB.

Unloading 5 unused Assets to reduce memory usage. Loaded Objects now: 1609.
Total: 1.750700 ms (FindLiveObjects: 0.162500 ms CreateObjectMapping: 0.030100 ms MarkObjects: 1.490100 ms  DeleteObjects: 0.067100 ms)

========================================================================
Received Prepare
Registering precompiled user dll's ...
Registered in 0.001181 seconds.
Begin MonoManager ReloadAssembly
Native extension for WindowsStandalone target not found
Native extension for WebGL target not found
Refreshing native plugins compatible for Editor in 0.21 ms, found 0 plugins.
Preloading 0 native plugins for Editor in 0.00 ms.
Mono: successfully reloaded assembly
- Completed reload, in  0.933 seconds
Platform modules already initialized, skipping
Refreshing native plugins compatible for Editor in 0.34 ms, found 0 plugins.
Preloading 0 native plugins for Editor in 0.00 ms.
Unloading 1111 Unused Serialized files (Serialized files now loaded: 0)
System memory in use before: 60.9 MB.
System memory in use after: 61.0 MB.

Unloading 5 unused Assets to reduce memory usage. Loaded Objects now: 1612.
Total: 2.029300 ms (FindLiveObjects: 0.217500 ms CreateObjectMapping: 0.029900 ms MarkObjects: 1.724000 ms  DeleteObjects: 0.056600 ms)

========================================================================
Received Prepare
Registering precompiled user dll's ...
Registered in 0.001113 seconds.
Begin MonoManager ReloadAssembly
Native extension for WindowsStandalone target not found
Native extension for WebGL target not found
Refreshing native plugins compatible for Editor in 0.29 ms, found 0 plugins.
Preloading 0 native plugins for Editor in 0.00 ms.
Mono: successfully reloaded assembly
- Completed reload, in  0.973 seconds
Platform modules already initialized, skipping
Refreshing native plugins compatible for Editor in 0.35 ms, found 0 plugins.
Preloading 0 native plugins for Editor in 0.00 ms.
Unloading 1111 Unused Serialized files (Serialized files now loaded: 0)
System memory in use before: 60.9 MB.
System memory in use after: 61.0 MB.

Unloading 5 unused Assets to reduce memory usage. Loaded Objects now: 1615.
Total: 2.458000 ms (FindLiveObjects: 0.390800 ms CreateObjectMapping: 0.062700 ms MarkObjects: 1.915100 ms  DeleteObjects: 0.087300 ms)

========================================================================
Received Prepare
Registering precompiled user dll's ...
Registered in 0.000927 seconds.
Begin MonoManager ReloadAssembly
Native extension for WindowsStandalone target not found
Native extension for WebGL target not found
Refreshing native plugins compatible for Editor in 0.26 ms, found 0 plugins.
Preloading 0 native plugins for Editor in 0.00 ms.
Mono: successfully reloaded assembly
- Completed reload, in  0.932 seconds
Platform modules already initialized, skipping
Refreshing native plugins compatible for Editor in 0.22 ms, found 0 plugins.
Preloading 0 native plugins for Editor in 0.00 ms.
Unloading 1111 Unused Serialized files (Serialized files now loaded: 0)
System memory in use before: 60.9 MB.
System memory in use after: 61.0 MB.

Unloading 5 unused Assets to reduce memory usage. Loaded Objects now: 1618.
Total: 2.120700 ms (FindLiveObjects: 0.224100 ms CreateObjectMapping: 0.033700 ms MarkObjects: 1.800600 ms  DeleteObjects: 0.061000 ms)

========================================================================
Received Prepare
Registering precompiled user dll's ...
Registered in 0.001055 seconds.
Begin MonoManager ReloadAssembly
Native extension for WindowsStandalone target not found
Native extension for WebGL target not found
Refreshing native plugins compatible for Editor in 0.31 ms, found 0 plugins.
Preloading 0 native plugins for Editor in 0.00 ms.
Mono: successfully reloaded assembly
- Completed reload, in  1.009 seconds
Platform modules already initialized, skipping
Refreshing native plugins compatible for Editor in 0.26 ms, found 0 plugins.
Preloading 0 native plugins for Editor in 0.00 ms.
Unloading 1111 Unused Serialized files (Serialized files now loaded: 0)
System memory in use before: 60.9 MB.
System memory in use after: 61.0 MB.

Unloading 5 unused Assets to reduce memory usage. Loaded Objects now: 1621.
Total: 1.909100 ms (FindLiveObjects: 0.227900 ms CreateObjectMapping: 0.032800 ms MarkObjects: 1.588100 ms  DeleteObjects: 0.059300 ms)

========================================================================
Received Prepare
Registering precompiled user dll's ...
Registered in 0.000889 seconds.
Begin MonoManager ReloadAssembly
Native extension for WindowsStandalone target not found
Native extension for WebGL target not found
Refreshing native plugins compatible for Editor in 0.23 ms, found 0 plugins.
Preloading 0 native plugins for Editor in 0.00 ms.
Mono: successfully reloaded assembly
- Completed reload, in  0.887 seconds
Platform modules already initialized, skipping
Refreshing native plugins compatible for Editor in 0.25 ms, found 0 plugins.
Preloading 0 native plugins for Editor in 0.00 ms.
Unloading 1111 Unused Serialized files (Serialized files now loaded: 0)
System memory in use before: 60.9 MB.
System memory in use after: 61.0 MB.

Unloading 5 unused Assets to reduce memory usage. Loaded Objects now: 1624.
Total: 1.959600 ms (FindLiveObjects: 0.256700 ms CreateObjectMapping: 0.029500 ms MarkObjects: 1.612800 ms  DeleteObjects: 0.059200 ms)

========================================================================
Received Prepare
Registering precompiled user dll's ...
Registered in 0.001060 seconds.
Begin MonoManager ReloadAssembly
Native extension for WindowsStandalone target not found
Native extension for WebGL target not found
Refreshing native plugins compatible for Editor in 0.21 ms, found 0 plugins.
Preloading 0 native plugins for Editor in 0.00 ms.
Mono: successfully reloaded assembly
- Completed reload, in  0.910 seconds
Platform modules already initialized, skipping
Refreshing native plugins compatible for Editor in 0.30 ms, found 0 plugins.
Preloading 0 native plugins for Editor in 0.00 ms.
Unloading 1111 Unused Serialized files (Serialized files now loaded: 0)
System memory in use before: 60.9 MB.
System memory in use after: 61.0 MB.

Unloading 5 unused Assets to reduce memory usage. Loaded Objects now: 1627.
Total: 2.266700 ms (FindLiveObjects: 0.285000 ms CreateObjectMapping: 0.056400 ms MarkObjects: 1.858400 ms  DeleteObjects: 0.065400 ms)

========================================================================
Received Prepare
Registering precompiled user dll's ...
Registered in 0.001095 seconds.
Begin MonoManager ReloadAssembly
Native extension for WindowsStandalone target not found
Native extension for WebGL target not found
Refreshing native plugins compatible for Editor in 0.24 ms, found 0 plugins.
Preloading 0 native plugins for Editor in 0.00 ms.
Mono: successfully reloaded assembly
- Completed reload, in  0.907 seconds
Platform modules already initialized, skipping
Refreshing native plugins compatible for Editor in 0.30 ms, found 0 plugins.
Preloading 0 native plugins for Editor in 0.00 ms.
Unloading 1111 Unused Serialized files (Serialized files now loaded: 0)
System memory in use before: 60.9 MB.
System memory in use after: 61.0 MB.

Unloading 5 unused Assets to reduce memory usage. Loaded Objects now: 1630.
Total: 2.067800 ms (FindLiveObjects: 0.237500 ms CreateObjectMapping: 0.032900 ms MarkObjects: 1.739000 ms  DeleteObjects: 0.056800 ms)

AssetImportWorkerClient::OnTransportError - code=2 error=End of file
